[2023-05-11 15:55:06:1331][restartedMain] DEBUG o.s.w.s.m.m.a.RequestMappingHandlerAdapter - ControllerAdvice beans: 0 @ModelAttribute, 0 @InitBinder, 1 RequestBodyAdvice, 1 ResponseBodyAdvice
[2023-05-11 15:55:06:1373][restartedMain] DEBUG o.s.w.s.m.m.a.RequestMappingHandlerMapping - 2 mappings in 'requestMappingHandlerMapping'
[2023-05-11 15:55:06:1515][restartedMain] DEBUG o.s.w.s.h.SimpleUrlHandlerMapping - Patterns [/webjars/**, /**] in 'resourceHandlerMapping'
[2023-05-11 15:55:06:1520][restartedMain] DEBUG o.s.w.s.m.m.a.ExceptionHandlerExceptionResolver - ControllerAdvice beans: 0 @ExceptionHandler, 1 ResponseBodyAdvice
[2023-05-11 15:55:23:18444][http-nio-80-exec-1] INFO  o.s.web.servlet.DispatcherServlet - Initializing Servlet 'dispatcherServlet'
[2023-05-11 15:55:23:18445][http-nio-80-exec-1] DEBUG o.s.web.servlet.DispatcherServlet - Detected StandardServletMultipartResolver
[2023-05-11 15:55:23:18445][http-nio-80-exec-1] DEBUG o.s.web.servlet.DispatcherServlet - Detected AcceptHeaderLocaleResolver
[2023-05-11 15:55:23:18445][http-nio-80-exec-1] DEBUG o.s.web.servlet.DispatcherServlet - Detected FixedThemeResolver
[2023-05-11 15:55:23:18446][http-nio-80-exec-1] DEBUG o.s.web.servlet.DispatcherServlet - Detected org.springframework.web.servlet.view.DefaultRequestToViewNameTranslator@61cae19f
[2023-05-11 15:55:23:18446][http-nio-80-exec-1] DEBUG o.s.web.servlet.DispatcherServlet - Detected org.springframework.web.servlet.support.SessionFlashMapManager@27205cb3
[2023-05-11 15:55:23:18446][http-nio-80-exec-1] DEBUG o.s.web.servlet.DispatcherServlet - enableLoggingRequestDetails='false': request parameters and headers will be masked to prevent unsafe logging of potentially sensitive data
[2023-05-11 15:55:23:18446][http-nio-80-exec-1] INFO  o.s.web.servlet.DispatcherServlet - Completed initialization in 1 ms
[2023-05-11 15:56:48:1484][restartedMain] DEBUG o.s.w.s.m.m.a.RequestMappingHandlerAdapter - ControllerAdvice beans: 0 @ModelAttribute, 0 @InitBinder, 1 RequestBodyAdvice, 1 ResponseBodyAdvice
[2023-05-11 15:56:48:1530][restartedMain] DEBUG o.s.w.s.m.m.a.RequestMappingHandlerMapping - 2 mappings in 'requestMappingHandlerMapping'
[2023-05-11 15:56:49:1737][restartedMain] DEBUG o.s.w.s.h.SimpleUrlHandlerMapping - Patterns [/webjars/**, /**] in 'resourceHandlerMapping'
[2023-05-11 15:56:49:1744][restartedMain] DEBUG o.s.w.s.m.m.a.ExceptionHandlerExceptionResolver - ControllerAdvice beans: 0 @ExceptionHandler, 1 ResponseBodyAdvice
[2023-05-11 15:56:59:12533][http-nio-80-exec-1] INFO  o.s.web.servlet.DispatcherServlet - Initializing Servlet 'dispatcherServlet'
[2023-05-11 15:56:59:12534][http-nio-80-exec-1] DEBUG o.s.web.servlet.DispatcherServlet - Detected StandardServletMultipartResolver
[2023-05-11 15:56:59:12534][http-nio-80-exec-1] DEBUG o.s.web.servlet.DispatcherServlet - Detected AcceptHeaderLocaleResolver
[2023-05-11 15:56:59:12534][http-nio-80-exec-1] DEBUG o.s.web.servlet.DispatcherServlet - Detected FixedThemeResolver
[2023-05-11 15:56:59:12534][http-nio-80-exec-1] DEBUG o.s.web.servlet.DispatcherServlet - Detected org.springframework.web.servlet.view.DefaultRequestToViewNameTranslator@cf5cba6
[2023-05-11 15:56:59:12535][http-nio-80-exec-1] DEBUG o.s.web.servlet.DispatcherServlet - Detected org.springframework.web.servlet.support.SessionFlashMapManager@775f52d0
[2023-05-11 15:56:59:12535][http-nio-80-exec-1] DEBUG o.s.web.servlet.DispatcherServlet - enableLoggingRequestDetails='false': request parameters and headers will be masked to prevent unsafe logging of potentially sensitive data
[2023-05-11 15:56:59:12535][http-nio-80-exec-1] INFO  o.s.web.servlet.DispatcherServlet - Completed initialization in 1 ms
[2023-05-11 16:01:52:1364][restartedMain] DEBUG o.s.w.s.m.m.a.RequestMappingHandlerAdapter - ControllerAdvice beans: 0 @ModelAttribute, 0 @InitBinder, 1 RequestBodyAdvice, 1 ResponseBodyAdvice
[2023-05-11 16:01:52:1393][restartedMain] DEBUG o.s.w.s.m.m.a.RequestMappingHandlerMapping - 3 mappings in 'requestMappingHandlerMapping'
[2023-05-11 16:01:52:1574][restartedMain] DEBUG o.s.w.s.h.SimpleUrlHandlerMapping - Patterns [/webjars/**, /**] in 'resourceHandlerMapping'
[2023-05-11 16:01:52:1579][restartedMain] DEBUG o.s.w.s.m.m.a.ExceptionHandlerExceptionResolver - ControllerAdvice beans: 0 @ExceptionHandler, 1 ResponseBodyAdvice
[2023-05-11 16:01:53:1913][http-nio-80-exec-1] INFO  o.s.web.servlet.DispatcherServlet - Initializing Servlet 'dispatcherServlet'
[2023-05-11 16:01:53:1914][http-nio-80-exec-1] DEBUG o.s.web.servlet.DispatcherServlet - Detected StandardServletMultipartResolver
[2023-05-11 16:01:53:1914][http-nio-80-exec-1] DEBUG o.s.web.servlet.DispatcherServlet - Detected AcceptHeaderLocaleResolver
[2023-05-11 16:01:53:1914][http-nio-80-exec-1] DEBUG o.s.web.servlet.DispatcherServlet - Detected FixedThemeResolver
[2023-05-11 16:01:53:1914][http-nio-80-exec-1] DEBUG o.s.web.servlet.DispatcherServlet - Detected org.springframework.web.servlet.view.DefaultRequestToViewNameTranslator@4f2ccd51
[2023-05-11 16:01:53:1915][http-nio-80-exec-1] DEBUG o.s.web.servlet.DispatcherServlet - Detected org.springframework.web.servlet.support.SessionFlashMapManager@5ba1ae7d
[2023-05-11 16:01:53:1915][http-nio-80-exec-1] DEBUG o.s.web.servlet.DispatcherServlet - enableLoggingRequestDetails='false': request parameters and headers will be masked to prevent unsafe logging of potentially sensitive data
[2023-05-11 16:01:53:1915][http-nio-80-exec-1] INFO  o.s.web.servlet.DispatcherServlet - Completed initialization in 1 ms
[2023-05-11 16:02:50:1305][restartedMain] DEBUG o.s.w.s.m.m.a.RequestMappingHandlerAdapter - ControllerAdvice beans: 0 @ModelAttribute, 0 @InitBinder, 1 RequestBodyAdvice, 1 ResponseBodyAdvice
[2023-05-11 16:02:50:1335][restartedMain] DEBUG o.s.w.s.m.m.a.RequestMappingHandlerMapping - 3 mappings in 'requestMappingHandlerMapping'
[2023-05-11 16:02:50:1482][restartedMain] DEBUG o.s.w.s.h.SimpleUrlHandlerMapping - Patterns [/webjars/**, /**] in 'resourceHandlerMapping'
[2023-05-11 16:02:50:1487][restartedMain] DEBUG o.s.w.s.m.m.a.ExceptionHandlerExceptionResolver - ControllerAdvice beans: 0 @ExceptionHandler, 1 ResponseBodyAdvice
[2023-05-11 16:03:06:17928][http-nio-8089-exec-2] INFO  o.s.web.servlet.DispatcherServlet - Initializing Servlet 'dispatcherServlet'
[2023-05-11 16:03:06:17929][http-nio-8089-exec-2] DEBUG o.s.web.servlet.DispatcherServlet - Detected StandardServletMultipartResolver
[2023-05-11 16:03:06:17929][http-nio-8089-exec-2] DEBUG o.s.web.servlet.DispatcherServlet - Detected AcceptHeaderLocaleResolver
[2023-05-11 16:03:06:17929][http-nio-8089-exec-2] DEBUG o.s.web.servlet.DispatcherServlet - Detected FixedThemeResolver
[2023-05-11 16:03:06:17930][http-nio-8089-exec-2] DEBUG o.s.web.servlet.DispatcherServlet - Detected org.springframework.web.servlet.view.DefaultRequestToViewNameTranslator@5a7b4475
[2023-05-11 16:03:06:17930][http-nio-8089-exec-2] DEBUG o.s.web.servlet.DispatcherServlet - Detected org.springframework.web.servlet.support.SessionFlashMapManager@7c88a8ae
[2023-05-11 16:03:06:17930][http-nio-8089-exec-2] DEBUG o.s.web.servlet.DispatcherServlet - enableLoggingRequestDetails='false': request parameters and headers will be masked to prevent unsafe logging of potentially sensitive data
[2023-05-11 16:03:06:17930][http-nio-8089-exec-2] INFO  o.s.web.servlet.DispatcherServlet - Completed initialization in 1 ms
[2023-05-11 16:04:58:1421][restartedMain] DEBUG o.s.w.s.m.m.a.RequestMappingHandlerAdapter - ControllerAdvice beans: 0 @ModelAttribute, 0 @InitBinder, 1 RequestBodyAdvice, 1 ResponseBodyAdvice
[2023-05-11 16:04:58:1453][restartedMain] DEBUG o.s.w.s.m.m.a.RequestMappingHandlerMapping - 3 mappings in 'requestMappingHandlerMapping'
[2023-05-11 16:04:59:1623][restartedMain] DEBUG o.s.w.s.h.SimpleUrlHandlerMapping - Patterns [/webjars/**, /**] in 'resourceHandlerMapping'
[2023-05-11 16:04:59:1627][restartedMain] DEBUG o.s.w.s.m.m.a.ExceptionHandlerExceptionResolver - ControllerAdvice beans: 0 @ExceptionHandler, 1 ResponseBodyAdvice
[2023-05-11 16:05:04:7430][http-nio-80-exec-1] INFO  o.s.web.servlet.DispatcherServlet - Initializing Servlet 'dispatcherServlet'
[2023-05-11 16:05:04:7432][http-nio-80-exec-1] DEBUG o.s.web.servlet.DispatcherServlet - Detected StandardServletMultipartResolver
[2023-05-11 16:05:04:7432][http-nio-80-exec-1] DEBUG o.s.web.servlet.DispatcherServlet - Detected AcceptHeaderLocaleResolver
[2023-05-11 16:05:04:7432][http-nio-80-exec-1] DEBUG o.s.web.servlet.DispatcherServlet - Detected FixedThemeResolver
[2023-05-11 16:05:04:7433][http-nio-80-exec-1] DEBUG o.s.web.servlet.DispatcherServlet - Detected org.springframework.web.servlet.view.DefaultRequestToViewNameTranslator@30f8549b
[2023-05-11 16:05:04:7433][http-nio-80-exec-1] DEBUG o.s.web.servlet.DispatcherServlet - Detected org.springframework.web.servlet.support.SessionFlashMapManager@59c1e9e2
[2023-05-11 16:05:04:7433][http-nio-80-exec-1] DEBUG o.s.web.servlet.DispatcherServlet - enableLoggingRequestDetails='false': request parameters and headers will be masked to prevent unsafe logging of potentially sensitive data
[2023-05-11 16:05:04:7433][http-nio-80-exec-1] INFO  o.s.web.servlet.DispatcherServlet - Completed initialization in 1 ms
[2023-05-11 16:06:27:1420][restartedMain] DEBUG o.s.w.s.m.m.a.RequestMappingHandlerAdapter - ControllerAdvice beans: 0 @ModelAttribute, 0 @InitBinder, 1 RequestBodyAdvice, 1 ResponseBodyAdvice
[2023-05-11 16:06:27:1453][restartedMain] DEBUG o.s.w.s.m.m.a.RequestMappingHandlerMapping - 3 mappings in 'requestMappingHandlerMapping'
[2023-05-11 16:06:27:1604][restartedMain] DEBUG o.s.w.s.h.SimpleUrlHandlerMapping - Patterns [/webjars/**, /**] in 'resourceHandlerMapping'
[2023-05-11 16:06:27:1609][restartedMain] DEBUG o.s.w.s.m.m.a.ExceptionHandlerExceptionResolver - ControllerAdvice beans: 0 @ExceptionHandler, 1 ResponseBodyAdvice
[2023-05-11 16:06:30:4843][http-nio-80-exec-1] INFO  o.s.web.servlet.DispatcherServlet - Initializing Servlet 'dispatcherServlet'
[2023-05-11 16:06:30:4844][http-nio-80-exec-1] DEBUG o.s.web.servlet.DispatcherServlet - Detected StandardServletMultipartResolver
[2023-05-11 16:06:30:4844][http-nio-80-exec-1] DEBUG o.s.web.servlet.DispatcherServlet - Detected AcceptHeaderLocaleResolver
[2023-05-11 16:06:30:4844][http-nio-80-exec-1] DEBUG o.s.web.servlet.DispatcherServlet - Detected FixedThemeResolver
[2023-05-11 16:06:30:4845][http-nio-80-exec-1] DEBUG o.s.web.servlet.DispatcherServlet - Detected org.springframework.web.servlet.view.DefaultRequestToViewNameTranslator@23dadcfe
[2023-05-11 16:06:30:4845][http-nio-80-exec-1] DEBUG o.s.web.servlet.DispatcherServlet - Detected org.springframework.web.servlet.support.SessionFlashMapManager@79d6646f
[2023-05-11 16:06:30:4845][http-nio-80-exec-1] DEBUG o.s.web.servlet.DispatcherServlet - enableLoggingRequestDetails='false': request parameters and headers will be masked to prevent unsafe logging of potentially sensitive data
[2023-05-11 16:06:30:4845][http-nio-80-exec-1] INFO  o.s.web.servlet.DispatcherServlet - Completed initialization in 1 ms
[2023-05-11 16:08:29:2434][restartedMain] DEBUG o.s.w.s.m.m.a.RequestMappingHandlerAdapter - ControllerAdvice beans: 0 @ModelAttribute, 0 @InitBinder, 1 RequestBodyAdvice, 1 ResponseBodyAdvice
[2023-05-11 16:08:30:2491][restartedMain] DEBUG o.s.w.s.m.m.a.RequestMappingHandlerMapping - 3 mappings in 'requestMappingHandlerMapping'
[2023-05-11 16:08:30:2750][restartedMain] DEBUG o.s.w.s.h.SimpleUrlHandlerMapping - Patterns [/webjars/**, /**] in 'resourceHandlerMapping'
[2023-05-11 16:08:30:2760][restartedMain] DEBUG o.s.w.s.m.m.a.ExceptionHandlerExceptionResolver - ControllerAdvice beans: 0 @ExceptionHandler, 1 ResponseBodyAdvice
[2023-05-11 16:08:36:8930][http-nio-80-exec-2] INFO  o.s.web.servlet.DispatcherServlet - Initializing Servlet 'dispatcherServlet'
[2023-05-11 16:08:36:8931][http-nio-80-exec-2] DEBUG o.s.web.servlet.DispatcherServlet - Detected StandardServletMultipartResolver
[2023-05-11 16:08:36:8931][http-nio-80-exec-2] DEBUG o.s.web.servlet.DispatcherServlet - Detected AcceptHeaderLocaleResolver
[2023-05-11 16:08:36:8931][http-nio-80-exec-2] DEBUG o.s.web.servlet.DispatcherServlet - Detected FixedThemeResolver
[2023-05-11 16:08:36:8932][http-nio-80-exec-2] DEBUG o.s.web.servlet.DispatcherServlet - Detected org.springframework.web.servlet.view.DefaultRequestToViewNameTranslator@1fbcd420
[2023-05-11 16:08:36:8932][http-nio-80-exec-2] DEBUG o.s.web.servlet.DispatcherServlet - Detected org.springframework.web.servlet.support.SessionFlashMapManager@604b0103
[2023-05-11 16:08:36:8932][http-nio-80-exec-2] DEBUG o.s.web.servlet.DispatcherServlet - enableLoggingRequestDetails='false': request parameters and headers will be masked to prevent unsafe logging of potentially sensitive data
[2023-05-11 16:08:36:8932][http-nio-80-exec-2] INFO  o.s.web.servlet.DispatcherServlet - Completed initialization in 1 ms
[2023-05-11 16:09:46:1552][restartedMain] DEBUG o.s.w.s.m.m.a.RequestMappingHandlerAdapter - ControllerAdvice beans: 0 @ModelAttribute, 0 @InitBinder, 1 RequestBodyAdvice, 1 ResponseBodyAdvice
[2023-05-11 16:09:46:1589][restartedMain] DEBUG o.s.w.s.m.m.a.RequestMappingHandlerMapping - 3 mappings in 'requestMappingHandlerMapping'
[2023-05-11 16:09:46:1763][restartedMain] DEBUG o.s.w.s.h.SimpleUrlHandlerMapping - Patterns [/webjars/**, /**] in 'resourceHandlerMapping'
[2023-05-11 16:09:46:1774][restartedMain] DEBUG o.s.w.s.m.m.a.ExceptionHandlerExceptionResolver - ControllerAdvice beans: 0 @ExceptionHandler, 1 ResponseBodyAdvice
[2023-05-11 16:10:14:29593][http-nio-80-exec-1] INFO  o.s.web.servlet.DispatcherServlet - Initializing Servlet 'dispatcherServlet'
[2023-05-11 16:10:14:29595][http-nio-80-exec-1] DEBUG o.s.web.servlet.DispatcherServlet - Detected StandardServletMultipartResolver
[2023-05-11 16:10:14:29595][http-nio-80-exec-1] DEBUG o.s.web.servlet.DispatcherServlet - Detected AcceptHeaderLocaleResolver
[2023-05-11 16:10:14:29595][http-nio-80-exec-1] DEBUG o.s.web.servlet.DispatcherServlet - Detected FixedThemeResolver
[2023-05-11 16:10:14:29596][http-nio-80-exec-1] DEBUG o.s.web.servlet.DispatcherServlet - Detected org.springframework.web.servlet.view.DefaultRequestToViewNameTranslator@cf5cba6
[2023-05-11 16:10:14:29596][http-nio-80-exec-1] DEBUG o.s.web.servlet.DispatcherServlet - Detected org.springframework.web.servlet.support.SessionFlashMapManager@775f52d0
[2023-05-11 16:10:14:29596][http-nio-80-exec-1] DEBUG o.s.web.servlet.DispatcherServlet - enableLoggingRequestDetails='false': request parameters and headers will be masked to prevent unsafe logging of potentially sensitive data
[2023-05-11 16:10:14:29596][http-nio-80-exec-1] INFO  o.s.web.servlet.DispatcherServlet - Completed initialization in 2 ms
[2023-05-11 16:18:43:1682][restartedMain] DEBUG o.s.w.s.m.m.a.RequestMappingHandlerAdapter - ControllerAdvice beans: 0 @ModelAttribute, 0 @InitBinder, 1 RequestBodyAdvice, 1 ResponseBodyAdvice
[2023-05-11 16:18:44:1714][restartedMain] DEBUG o.s.w.s.m.m.a.RequestMappingHandlerMapping - 3 mappings in 'requestMappingHandlerMapping'
[2023-05-11 16:18:44:1908][restartedMain] DEBUG o.s.w.s.h.SimpleUrlHandlerMapping - Patterns [/webjars/**, /**] in 'resourceHandlerMapping'
[2023-05-11 16:18:44:1915][restartedMain] DEBUG o.s.w.s.m.m.a.ExceptionHandlerExceptionResolver - ControllerAdvice beans: 0 @ExceptionHandler, 1 ResponseBodyAdvice
[2023-05-11 16:18:51:8956][http-nio-80-exec-1] INFO  o.s.web.servlet.DispatcherServlet - Initializing Servlet 'dispatcherServlet'
[2023-05-11 16:18:51:8957][http-nio-80-exec-1] DEBUG o.s.web.servlet.DispatcherServlet - Detected StandardServletMultipartResolver
[2023-05-11 16:18:51:8957][http-nio-80-exec-1] DEBUG o.s.web.servlet.DispatcherServlet - Detected AcceptHeaderLocaleResolver
[2023-05-11 16:18:51:8957][http-nio-80-exec-1] DEBUG o.s.web.servlet.DispatcherServlet - Detected FixedThemeResolver
[2023-05-11 16:18:51:8958][http-nio-80-exec-1] DEBUG o.s.web.servlet.DispatcherServlet - Detected org.springframework.web.servlet.view.DefaultRequestToViewNameTranslator@69626417
[2023-05-11 16:18:51:8958][http-nio-80-exec-1] DEBUG o.s.web.servlet.DispatcherServlet - Detected org.springframework.web.servlet.support.SessionFlashMapManager@2e636c63
[2023-05-11 16:18:51:8958][http-nio-80-exec-1] DEBUG o.s.web.servlet.DispatcherServlet - enableLoggingRequestDetails='false': request parameters and headers will be masked to prevent unsafe logging of potentially sensitive data
[2023-05-11 16:18:51:8958][http-nio-80-exec-1] INFO  o.s.web.servlet.DispatcherServlet - Completed initialization in 1 ms
[2023-05-11 16:18:51:8976][http-nio-80-exec-1] DEBUG o.s.web.servlet.DispatcherServlet - GET "/", parameters={}
[2023-05-11 16:18:51:8978][http-nio-80-exec-1] DEBUG o.s.w.s.m.m.a.RequestMappingHandlerMapping - Mapped to com.kbstar.controller.MainController#main(Model)
[2023-05-11 16:18:51:8993][http-nio-80-exec-1] DEBUG o.s.w.s.v.ContentNegotiatingViewResolver - Selected 'text/html' given [text/html, application/xhtml+xml, image/avif, image/webp, image/apng, application/xml;q=0.9, application/signed-exchange;v=b3;q=0.7, */*;q=0.8]
[2023-05-11 16:18:51:8993][http-nio-80-exec-1] DEBUG o.s.web.servlet.view.JstlView - View name 'index', model {}
[2023-05-11 16:18:51:8994][http-nio-80-exec-1] DEBUG o.s.web.servlet.view.JstlView - Forwarding to [/views/index.jsp]
[2023-05-11 16:18:51:9359][http-nio-80-exec-1] DEBUG o.s.web.servlet.DispatcherServlet - Completed 200 OK
[2023-05-11 16:18:51:9369][http-nio-80-exec-5] DEBUG o.s.web.servlet.DispatcherServlet - GET "/plugins/bootstrap/css/bootstrap.min.css", parameters={}
[2023-05-11 16:18:51:9370][http-nio-80-exec-6] DEBUG o.s.web.servlet.DispatcherServlet - GET "/plugins/animate/animate.css", parameters={}
[2023-05-11 16:18:51:9370][http-nio-80-exec-2] DEBUG o.s.web.servlet.DispatcherServlet - GET "/plugins/slick/slick.css", parameters={}
[2023-05-11 16:18:51:9370][http-nio-80-exec-8] DEBUG o.s.web.servlet.DispatcherServlet - GET "/plugins/slick/slick-theme.css", parameters={}
[2023-05-11 16:18:51:9370][http-nio-80-exec-10] DEBUG o.s.web.servlet.DispatcherServlet - GET "/plugins/themefisher-font/style.css", parameters={}
[2023-05-11 16:18:51:9370][http-nio-80-exec-3] DEBUG o.s.web.servlet.DispatcherServlet - GET "/css/style.css", parameters={}
[2023-05-11 16:18:51:9373][http-nio-80-exec-5] DEBUG o.s.w.s.h.SimpleUrlHandlerMapping - Mapped to ResourceHttpRequestHandler [classpath [META-INF/resources/], classpath [resources/], classpath [static/], classpath [public/], ServletContext [/]]
[2023-05-11 16:18:51:9373][http-nio-80-exec-8] DEBUG o.s.w.s.h.SimpleUrlHandlerMapping - Mapped to ResourceHttpRequestHandler [classpath [META-INF/resources/], classpath [resources/], classpath [static/], classpath [public/], ServletContext [/]]
[2023-05-11 16:18:51:9373][http-nio-80-exec-2] DEBUG o.s.w.s.h.SimpleUrlHandlerMapping - Mapped to ResourceHttpRequestHandler [classpath [META-INF/resources/], classpath [resources/], classpath [static/], classpath [public/], ServletContext [/]]
[2023-05-11 16:18:51:9373][http-nio-80-exec-6] DEBUG o.s.w.s.h.SimpleUrlHandlerMapping - Mapped to ResourceHttpRequestHandler [classpath [META-INF/resources/], classpath [resources/], classpath [static/], classpath [public/], ServletContext [/]]
[2023-05-11 16:18:51:9373][http-nio-80-exec-3] DEBUG o.s.w.s.h.SimpleUrlHandlerMapping - Mapped to ResourceHttpRequestHandler [classpath [META-INF/resources/], classpath [resources/], classpath [static/], classpath [public/], ServletContext [/]]
[2023-05-11 16:18:51:9373][http-nio-80-exec-10] DEBUG o.s.w.s.h.SimpleUrlHandlerMapping - Mapped to ResourceHttpRequestHandler [classpath [META-INF/resources/], classpath [resources/], classpath [static/], classpath [public/], ServletContext [/]]
[2023-05-11 16:18:51:9376][http-nio-80-exec-3] DEBUG o.s.w.s.r.ResourceHttpRequestHandler - Resource not found
[2023-05-11 16:18:51:9376][http-nio-80-exec-3] DEBUG o.s.web.servlet.DispatcherServlet - Completed 404 NOT_FOUND
[2023-05-11 16:18:51:9377][http-nio-80-exec-3] DEBUG o.s.web.servlet.DispatcherServlet - "ERROR" dispatch for GET "/error", parameters={}
[2023-05-11 16:18:51:9378][http-nio-80-exec-3] DEBUG o.s.w.s.m.m.a.RequestMappingHandlerMapping - Mapped to org.springframework.boot.autoconfigure.web.servlet.error.BasicErrorController#error(HttpServletRequest)
[2023-05-11 16:18:51:9387][http-nio-80-exec-3] DEBUG o.s.w.s.m.m.a.HttpEntityMethodProcessor - Using 'application/json;q=0.1', given [text/css, */*;q=0.1] and supported [application/json, application/*+json, application/json, application/*+json]
[2023-05-11 16:18:51:9387][http-nio-80-exec-3] DEBUG o.s.w.s.m.m.a.HttpEntityMethodProcessor - Writing [{timestamp=Thu May 11 16:18:51 KST 2023, status=404, error=Not Found, message=No message available,  (truncated)...]
[2023-05-11 16:18:51:9389][http-nio-80-exec-2] DEBUG o.s.web.servlet.DispatcherServlet - Completed 200 OK
[2023-05-11 16:18:51:9391][http-nio-80-exec-8] DEBUG o.s.web.servlet.DispatcherServlet - Completed 200 OK
[2023-05-11 16:18:51:9391][http-nio-80-exec-9] DEBUG o.s.web.servlet.DispatcherServlet - GET "/plugins/jquery/dist/jquery.min.js", parameters={}
[2023-05-11 16:18:51:9391][http-nio-80-exec-10] DEBUG o.s.web.servlet.DispatcherServlet - Completed 200 OK
[2023-05-11 16:18:51:9391][http-nio-80-exec-9] DEBUG o.s.w.s.h.SimpleUrlHandlerMapping - Mapped to ResourceHttpRequestHandler [classpath [META-INF/resources/], classpath [resources/], classpath [static/], classpath [public/], ServletContext [/]]
[2023-05-11 16:18:51:9392][http-nio-80-exec-5] DEBUG o.s.web.servlet.DispatcherServlet - Completed 200 OK
[2023-05-11 16:18:51:9394][http-nio-80-exec-7] DEBUG o.s.web.servlet.DispatcherServlet - GET "/plugins/bootstrap/js/bootstrap.min.js", parameters={}
[2023-05-11 16:18:51:9394][http-nio-80-exec-5] DEBUG o.s.web.servlet.DispatcherServlet - GET "/plugins/instafeed/instafeed.min.js", parameters={}
[2023-05-11 16:18:51:9394][http-nio-80-exec-4] DEBUG o.s.web.servlet.DispatcherServlet - GET "/plugins/bootstrap-touchspin/dist/jquery.bootstrap-touchspin.min.js", parameters={}
[2023-05-11 16:18:51:9394][http-nio-80-exec-7] DEBUG o.s.w.s.h.SimpleUrlHandlerMapping - Mapped to ResourceHttpRequestHandler [classpath [META-INF/resources/], classpath [resources/], classpath [static/], classpath [public/], ServletContext [/]]
[2023-05-11 16:18:51:9394][http-nio-80-exec-5] DEBUG o.s.w.s.h.SimpleUrlHandlerMapping - Mapped to ResourceHttpRequestHandler [classpath [META-INF/resources/], classpath [resources/], classpath [static/], classpath [public/], ServletContext [/]]
[2023-05-11 16:18:51:9395][http-nio-80-exec-4] DEBUG o.s.w.s.h.SimpleUrlHandlerMapping - Mapped to ResourceHttpRequestHandler [classpath [META-INF/resources/], classpath [resources/], classpath [static/], classpath [public/], ServletContext [/]]
[2023-05-11 16:18:51:9397][http-nio-80-exec-6] DEBUG o.s.web.servlet.DispatcherServlet - Completed 200 OK
[2023-05-11 16:18:51:9399][http-nio-80-exec-6] DEBUG o.s.web.servlet.DispatcherServlet - GET "/plugins/ekko-lightbox/dist/ekko-lightbox.min.js", parameters={}
[2023-05-11 16:18:51:9399][http-nio-80-exec-6] DEBUG o.s.w.s.h.SimpleUrlHandlerMapping - Mapped to ResourceHttpRequestHandler [classpath [META-INF/resources/], classpath [resources/], classpath [static/], classpath [public/], ServletContext [/]]
[2023-05-11 16:18:51:9412][http-nio-80-exec-3] DEBUG o.s.web.servlet.DispatcherServlet - Exiting from "ERROR" dispatch, status 404
[2023-05-11 16:18:51:9415][http-nio-80-exec-1] DEBUG o.s.web.servlet.DispatcherServlet - GET "/plugins/syo-timer/build/jquery.syotimer.min.js", parameters={}
[2023-05-11 16:18:51:9415][http-nio-80-exec-1] DEBUG o.s.w.s.h.SimpleUrlHandlerMapping - Mapped to ResourceHttpRequestHandler [classpath [META-INF/resources/], classpath [resources/], classpath [static/], classpath [public/], ServletContext [/]]
[2023-05-11 16:18:51:9427][http-nio-80-exec-4] DEBUG o.s.web.servlet.DispatcherServlet - Completed 200 OK
[2023-05-11 16:18:51:9430][http-nio-80-exec-2] DEBUG o.s.web.servlet.DispatcherServlet - GET "/plugins/slick/slick.min.js", parameters={}
[2023-05-11 16:18:51:9430][http-nio-80-exec-6] DEBUG o.s.web.servlet.DispatcherServlet - Completed 200 OK
[2023-05-11 16:18:51:9430][http-nio-80-exec-5] DEBUG o.s.web.servlet.DispatcherServlet - Completed 200 OK
[2023-05-11 16:18:51:9431][http-nio-80-exec-2] DEBUG o.s.w.s.h.SimpleUrlHandlerMapping - Mapped to ResourceHttpRequestHandler [classpath [META-INF/resources/], classpath [resources/], classpath [static/], classpath [public/], ServletContext [/]]
[2023-05-11 16:18:51:9433][http-nio-80-exec-8] DEBUG o.s.web.servlet.DispatcherServlet - GET "/plugins/slick/slick-animation.min.js", parameters={}
[2023-05-11 16:18:51:9434][http-nio-80-exec-10] DEBUG o.s.web.servlet.DispatcherServlet - GET "/plugins/google-map/gmap.js", parameters={}
[2023-05-11 16:18:51:9434][http-nio-80-exec-8] DEBUG o.s.w.s.h.SimpleUrlHandlerMapping - Mapped to ResourceHttpRequestHandler [classpath [META-INF/resources/], classpath [resources/], classpath [static/], classpath [public/], ServletContext [/]]
[2023-05-11 16:18:51:9434][http-nio-80-exec-7] DEBUG o.s.web.servlet.DispatcherServlet - Completed 200 OK
[2023-05-11 16:18:51:9434][http-nio-80-exec-10] DEBUG o.s.w.s.h.SimpleUrlHandlerMapping - Mapped to ResourceHttpRequestHandler [classpath [META-INF/resources/], classpath [resources/], classpath [static/], classpath [public/], ServletContext [/]]
[2023-05-11 16:18:51:9437][http-nio-80-exec-3] DEBUG o.s.web.servlet.DispatcherServlet - GET "/js/script.js", parameters={}
[2023-05-11 16:18:51:9437][http-nio-80-exec-3] DEBUG o.s.w.s.h.SimpleUrlHandlerMapping - Mapped to ResourceHttpRequestHandler [classpath [META-INF/resources/], classpath [resources/], classpath [static/], classpath [public/], ServletContext [/]]
[2023-05-11 16:18:51:9442][http-nio-80-exec-1] DEBUG o.s.web.servlet.DispatcherServlet - Completed 200 OK
[2023-05-11 16:18:51:9444][http-nio-80-exec-4] DEBUG o.s.web.servlet.DispatcherServlet - GET "/images/shop/cart/cart-1.jpg", parameters={}
[2023-05-11 16:18:51:9444][http-nio-80-exec-4] DEBUG o.s.w.s.h.SimpleUrlHandlerMapping - Mapped to ResourceHttpRequestHandler [classpath [META-INF/resources/], classpath [resources/], classpath [static/], classpath [public/], ServletContext [/]]
[2023-05-11 16:18:51:9450][http-nio-80-exec-9] DEBUG o.s.web.servlet.DispatcherServlet - Completed 200 OK
[2023-05-11 16:18:51:9453][http-nio-80-exec-9] DEBUG o.s.web.servlet.DispatcherServlet - GET "/images/slider/slider-3.jpg", parameters={}
[2023-05-11 16:18:51:9453][http-nio-80-exec-4] DEBUG o.s.web.servlet.DispatcherServlet - Completed 200 OK
[2023-05-11 16:18:51:9453][http-nio-80-exec-9] DEBUG o.s.w.s.h.SimpleUrlHandlerMapping - Mapped to ResourceHttpRequestHandler [classpath [META-INF/resources/], classpath [resources/], classpath [static/], classpath [public/], ServletContext [/]]
[2023-05-11 16:18:51:9456][http-nio-80-exec-10] DEBUG o.s.web.servlet.DispatcherServlet - Completed 200 OK
[2023-05-11 16:18:51:9456][http-nio-80-exec-3] DEBUG o.s.web.servlet.DispatcherServlet - Completed 200 OK
[2023-05-11 16:18:51:9458][http-nio-80-exec-5] DEBUG o.s.web.servlet.DispatcherServlet - GET "/images/slider/slider-1.jpg", parameters={}
[2023-05-11 16:18:51:9458][http-nio-80-exec-7] DEBUG o.s.web.servlet.DispatcherServlet - GET "/images/slider/slider-2.jpg", parameters={}
[2023-05-11 16:18:51:9458][http-nio-80-exec-8] DEBUG o.s.web.servlet.DispatcherServlet - Completed 200 OK
[2023-05-11 16:18:51:9459][http-nio-80-exec-5] DEBUG o.s.w.s.h.SimpleUrlHandlerMapping - Mapped to ResourceHttpRequestHandler [classpath [META-INF/resources/], classpath [resources/], classpath [static/], classpath [public/], ServletContext [/]]
[2023-05-11 16:18:51:9459][http-nio-80-exec-7] DEBUG o.s.w.s.h.SimpleUrlHandlerMapping - Mapped to ResourceHttpRequestHandler [classpath [META-INF/resources/], classpath [resources/], classpath [static/], classpath [public/], ServletContext [/]]
[2023-05-11 16:18:51:9461][http-nio-80-exec-6] DEBUG o.s.web.servlet.DispatcherServlet - GET "/plugins/themefisher-font/fonts/themefisher-font.ttf?ug5hnh", parameters={masked}
[2023-05-11 16:18:51:9461][http-nio-80-exec-1] DEBUG o.s.web.servlet.DispatcherServlet - GET "/images/shop/cart/cart-2.jpg", parameters={}
[2023-05-11 16:18:51:9461][http-nio-80-exec-1] DEBUG o.s.w.s.h.SimpleUrlHandlerMapping - Mapped to ResourceHttpRequestHandler [classpath [META-INF/resources/], classpath [resources/], classpath [static/], classpath [public/], ServletContext [/]]
[2023-05-11 16:18:51:9461][http-nio-80-exec-6] DEBUG o.s.w.s.h.SimpleUrlHandlerMapping - Mapped to ResourceHttpRequestHandler [classpath [META-INF/resources/], classpath [resources/], classpath [static/], classpath [public/], ServletContext [/]]
[2023-05-11 16:18:51:9463][http-nio-80-exec-9] DEBUG o.s.web.servlet.DispatcherServlet - Completed 200 OK
[2023-05-11 16:18:51:9466][http-nio-80-exec-4] DEBUG o.s.web.servlet.DispatcherServlet - GET "/images/shop/header-img.jpg", parameters={}
[2023-05-11 16:18:51:9467][http-nio-80-exec-4] DEBUG o.s.w.s.h.SimpleUrlHandlerMapping - Mapped to ResourceHttpRequestHandler [classpath [META-INF/resources/], classpath [resources/], classpath [static/], classpath [public/], ServletContext [/]]
[2023-05-11 16:18:51:9468][http-nio-80-exec-7] DEBUG o.s.web.servlet.DispatcherServlet - Completed 200 OK
[2023-05-11 16:18:51:9468][http-nio-80-exec-1] DEBUG o.s.web.servlet.DispatcherServlet - Completed 200 OK
[2023-05-11 16:18:51:9469][http-nio-80-exec-5] DEBUG o.s.web.servlet.DispatcherServlet - Completed 200 OK
[2023-05-11 16:18:51:9471][http-nio-80-exec-3] DEBUG o.s.web.servlet.DispatcherServlet - GET "/images/shop/category/category-1.jpg", parameters={}
[2023-05-11 16:18:51:9471][http-nio-80-exec-2] DEBUG o.s.web.servlet.DispatcherServlet - Completed 200 OK
[2023-05-11 16:18:51:9471][http-nio-80-exec-3] DEBUG o.s.w.s.h.SimpleUrlHandlerMapping - Mapped to ResourceHttpRequestHandler [classpath [META-INF/resources/], classpath [resources/], classpath [static/], classpath [public/], ServletContext [/]]
[2023-05-11 16:18:51:9471][http-nio-80-exec-8] DEBUG o.s.web.servlet.DispatcherServlet - GET "/images/shop/category/category-3.jpg", parameters={}
[2023-05-11 16:18:51:9471][http-nio-80-exec-10] DEBUG o.s.web.servlet.DispatcherServlet - GET "/images/shop/category/category-2.jpg", parameters={}
[2023-05-11 16:18:51:9472][http-nio-80-exec-8] DEBUG o.s.w.s.h.SimpleUrlHandlerMapping - Mapped to ResourceHttpRequestHandler [classpath [META-INF/resources/], classpath [resources/], classpath [static/], classpath [public/], ServletContext [/]]
[2023-05-11 16:18:51:9472][http-nio-80-exec-6] DEBUG o.s.web.servlet.DispatcherServlet - Completed 200 OK
[2023-05-11 16:18:51:9472][http-nio-80-exec-10] DEBUG o.s.w.s.h.SimpleUrlHandlerMapping - Mapped to ResourceHttpRequestHandler [classpath [META-INF/resources/], classpath [resources/], classpath [static/], classpath [public/], ServletContext [/]]
[2023-05-11 16:18:51:9473][http-nio-80-exec-9] DEBUG o.s.web.servlet.DispatcherServlet - GET "/images/shop/products/product-1.jpg", parameters={}
[2023-05-11 16:18:51:9473][http-nio-80-exec-7] DEBUG o.s.web.servlet.DispatcherServlet - GET "/images/shop/products/product-2.jpg", parameters={}
[2023-05-11 16:18:51:9474][http-nio-80-exec-9] DEBUG o.s.w.s.h.SimpleUrlHandlerMapping - Mapped to ResourceHttpRequestHandler [classpath [META-INF/resources/], classpath [resources/], classpath [static/], classpath [public/], ServletContext [/]]
[2023-05-11 16:18:51:9474][http-nio-80-exec-7] DEBUG o.s.w.s.h.SimpleUrlHandlerMapping - Mapped to ResourceHttpRequestHandler [classpath [META-INF/resources/], classpath [resources/], classpath [static/], classpath [public/], ServletContext [/]]
[2023-05-11 16:18:51:9476][http-nio-80-exec-4] DEBUG o.s.web.servlet.DispatcherServlet - Completed 200 OK
[2023-05-11 16:18:51:9478][http-nio-80-exec-1] DEBUG o.s.web.servlet.DispatcherServlet - GET "/images/shop/products/product-3.jpg", parameters={}
[2023-05-11 16:18:51:9478][http-nio-80-exec-1] DEBUG o.s.w.s.h.SimpleUrlHandlerMapping - Mapped to ResourceHttpRequestHandler [classpath [META-INF/resources/], classpath [resources/], classpath [static/], classpath [public/], ServletContext [/]]
[2023-05-11 16:18:51:9479][http-nio-80-exec-10] DEBUG o.s.web.servlet.DispatcherServlet - Completed 200 OK
[2023-05-11 16:18:51:9480][http-nio-80-exec-3] DEBUG o.s.web.servlet.DispatcherServlet - Completed 200 OK
[2023-05-11 16:18:51:9480][http-nio-80-exec-8] DEBUG o.s.web.servlet.DispatcherServlet - Completed 200 OK
[2023-05-11 16:18:51:9481][http-nio-80-exec-9] DEBUG o.s.web.servlet.DispatcherServlet - Completed 200 OK
[2023-05-11 16:18:51:9481][http-nio-80-exec-7] DEBUG o.s.web.servlet.DispatcherServlet - Completed 200 OK
[2023-05-11 16:18:51:9482][http-nio-80-exec-5] DEBUG o.s.web.servlet.DispatcherServlet - GET "/images/shop/products/product-4.jpg", parameters={}
[2023-05-11 16:18:51:9483][http-nio-80-exec-5] DEBUG o.s.w.s.h.SimpleUrlHandlerMapping - Mapped to ResourceHttpRequestHandler [classpath [META-INF/resources/], classpath [resources/], classpath [static/], classpath [public/], ServletContext [/]]
[2023-05-11 16:18:51:9483][http-nio-80-exec-6] DEBUG o.s.web.servlet.DispatcherServlet - GET "/images/shop/products/product-6.jpg", parameters={}
[2023-05-11 16:18:51:9483][http-nio-80-exec-2] DEBUG o.s.web.servlet.DispatcherServlet - GET "/images/shop/products/product-5.jpg", parameters={}
[2023-05-11 16:18:51:9483][http-nio-80-exec-6] DEBUG o.s.w.s.h.SimpleUrlHandlerMapping - Mapped to ResourceHttpRequestHandler [classpath [META-INF/resources/], classpath [resources/], classpath [static/], classpath [public/], ServletContext [/]]
[2023-05-11 16:18:51:9483][http-nio-80-exec-2] DEBUG o.s.w.s.h.SimpleUrlHandlerMapping - Mapped to ResourceHttpRequestHandler [classpath [META-INF/resources/], classpath [resources/], classpath [static/], classpath [public/], ServletContext [/]]
[2023-05-11 16:18:51:9484][http-nio-80-exec-3] DEBUG o.s.web.servlet.DispatcherServlet - GET "/images/shop/products/product-8.jpg", parameters={}
[2023-05-11 16:18:51:9484][http-nio-80-exec-4] DEBUG o.s.web.servlet.DispatcherServlet - GET "/images/shop/products/product-7.jpg", parameters={}
[2023-05-11 16:18:51:9486][http-nio-80-exec-3] DEBUG o.s.w.s.h.SimpleUrlHandlerMapping - Mapped to ResourceHttpRequestHandler [classpath [META-INF/resources/], classpath [resources/], classpath [static/], classpath [public/], ServletContext [/]]
[2023-05-11 16:18:51:9486][http-nio-80-exec-4] DEBUG o.s.w.s.h.SimpleUrlHandlerMapping - Mapped to ResourceHttpRequestHandler [classpath [META-INF/resources/], classpath [resources/], classpath [static/], classpath [public/], ServletContext [/]]
[2023-05-11 16:18:51:9487][http-nio-80-exec-1] DEBUG o.s.web.servlet.DispatcherServlet - Completed 200 OK
[2023-05-11 16:18:51:9489][http-nio-80-exec-10] DEBUG o.s.web.servlet.DispatcherServlet - GET "/images/shop/products/product-9.jpg", parameters={}
[2023-05-11 16:18:51:9490][http-nio-80-exec-10] DEBUG o.s.w.s.h.SimpleUrlHandlerMapping - Mapped to ResourceHttpRequestHandler [classpath [META-INF/resources/], classpath [resources/], classpath [static/], classpath [public/], ServletContext [/]]
[2023-05-11 16:18:51:9491][http-nio-80-exec-6] DEBUG o.s.web.servlet.DispatcherServlet - Completed 200 OK
[2023-05-11 16:18:51:9491][http-nio-80-exec-5] DEBUG o.s.web.servlet.DispatcherServlet - Completed 200 OK
[2023-05-11 16:18:51:9492][http-nio-80-exec-2] DEBUG o.s.web.servlet.DispatcherServlet - Completed 200 OK
[2023-05-11 16:18:51:9493][http-nio-80-exec-4] DEBUG o.s.web.servlet.DispatcherServlet - Completed 200 OK
[2023-05-11 16:18:51:9493][http-nio-80-exec-3] DEBUG o.s.web.servlet.DispatcherServlet - Completed 200 OK
[2023-05-11 16:18:51:9493][http-nio-80-exec-8] DEBUG o.s.web.servlet.DispatcherServlet - GET "/images/shop/products/modal-product.jpg", parameters={}
[2023-05-11 16:18:51:9494][http-nio-80-exec-8] DEBUG o.s.w.s.h.SimpleUrlHandlerMapping - Mapped to ResourceHttpRequestHandler [classpath [META-INF/resources/], classpath [resources/], classpath [static/], classpath [public/], ServletContext [/]]
[2023-05-11 16:18:51:9498][http-nio-80-exec-10] DEBUG o.s.web.servlet.DispatcherServlet - Completed 200 OK
[2023-05-11 16:18:51:9502][http-nio-80-exec-8] DEBUG o.s.web.servlet.DispatcherServlet - Completed 200 OK
[2023-05-11 16:18:52:9720][http-nio-80-exec-9] DEBUG o.s.web.servlet.DispatcherServlet - GET "/plugins/slick/ajax-loader.gif", parameters={}
[2023-05-11 16:18:52:9720][http-nio-80-exec-9] DEBUG o.s.w.s.h.SimpleUrlHandlerMapping - Mapped to ResourceHttpRequestHandler [classpath [META-INF/resources/], classpath [resources/], classpath [static/], classpath [public/], ServletContext [/]]
[2023-05-11 16:18:52:9722][http-nio-80-exec-9] DEBUG o.s.web.servlet.DispatcherServlet - Completed 200 OK
[2023-05-11 16:18:52:9733][http-nio-80-exec-7] DEBUG o.s.web.servlet.DispatcherServlet - GET "/plugins/slick/fonts/slick.woff", parameters={}
[2023-05-11 16:18:52:9733][http-nio-80-exec-7] DEBUG o.s.w.s.h.SimpleUrlHandlerMapping - Mapped to ResourceHttpRequestHandler [classpath [META-INF/resources/], classpath [resources/], classpath [static/], classpath [public/], ServletContext [/]]
[2023-05-11 16:18:52:9741][http-nio-80-exec-7] DEBUG o.s.web.servlet.DispatcherServlet - Completed 200 OK
[2023-05-11 16:18:52:9749][http-nio-80-exec-1] DEBUG o.s.web.servlet.DispatcherServlet - GET "/images/favicon.png", parameters={}
[2023-05-11 16:18:52:9749][http-nio-80-exec-1] DEBUG o.s.w.s.h.SimpleUrlHandlerMapping - Mapped to ResourceHttpRequestHandler [classpath [META-INF/resources/], classpath [resources/], classpath [static/], classpath [public/], ServletContext [/]]
[2023-05-11 16:18:52:9752][http-nio-80-exec-1] DEBUG o.s.web.servlet.DispatcherServlet - Completed 200 OK
[2023-05-11 16:21:57:6381][restartedMain] DEBUG o.s.w.s.m.m.a.RequestMappingHandlerAdapter - ControllerAdvice beans: 0 @ModelAttribute, 0 @InitBinder, 1 RequestBodyAdvice, 1 ResponseBodyAdvice
[2023-05-11 16:21:57:6511][restartedMain] DEBUG o.s.w.s.m.m.a.RequestMappingHandlerMapping - 3 mappings in 'requestMappingHandlerMapping'
[2023-05-11 16:21:58:7309][restartedMain] DEBUG o.s.w.s.h.SimpleUrlHandlerMapping - Patterns [/webjars/**, /**] in 'resourceHandlerMapping'
[2023-05-11 16:21:58:7340][restartedMain] DEBUG o.s.w.s.m.m.a.ExceptionHandlerExceptionResolver - ControllerAdvice beans: 0 @ExceptionHandler, 1 ResponseBodyAdvice
[2023-05-11 16:22:16:24834][http-nio-80-exec-1] INFO  o.s.web.servlet.DispatcherServlet - Initializing Servlet 'dispatcherServlet'
[2023-05-11 16:22:16:24835][http-nio-80-exec-1] DEBUG o.s.web.servlet.DispatcherServlet - Detected StandardServletMultipartResolver
[2023-05-11 16:22:16:24836][http-nio-80-exec-1] DEBUG o.s.web.servlet.DispatcherServlet - Detected AcceptHeaderLocaleResolver
[2023-05-11 16:22:16:24837][http-nio-80-exec-1] DEBUG o.s.web.servlet.DispatcherServlet - Detected FixedThemeResolver
[2023-05-11 16:22:16:24842][http-nio-80-exec-1] DEBUG o.s.web.servlet.DispatcherServlet - Detected org.springframework.web.servlet.view.DefaultRequestToViewNameTranslator@17e0dbea
[2023-05-11 16:22:16:24843][http-nio-80-exec-1] DEBUG o.s.web.servlet.DispatcherServlet - Detected org.springframework.web.servlet.support.SessionFlashMapManager@7face861
[2023-05-11 16:22:16:24843][http-nio-80-exec-1] DEBUG o.s.web.servlet.DispatcherServlet - enableLoggingRequestDetails='false': request parameters and headers will be masked to prevent unsafe logging of potentially sensitive data
[2023-05-11 16:22:16:24843][http-nio-80-exec-1] INFO  o.s.web.servlet.DispatcherServlet - Completed initialization in 8 ms
[2023-05-11 16:22:16:24939][http-nio-80-exec-1] DEBUG o.s.web.servlet.DispatcherServlet - GET "/", parameters={}
[2023-05-11 16:22:16:24951][http-nio-80-exec-1] DEBUG o.s.w.s.m.m.a.RequestMappingHandlerMapping - Mapped to com.kbstar.controller.MainController#main(Model)
[2023-05-11 16:22:16:25025][http-nio-80-exec-1] DEBUG o.s.w.s.v.ContentNegotiatingViewResolver - Selected 'text/html' given [text/html, application/xhtml+xml, image/avif, image/webp, image/apng, application/xml;q=0.9, application/signed-exchange;v=b3;q=0.7, */*;q=0.8]
[2023-05-11 16:22:16:25026][http-nio-80-exec-1] DEBUG o.s.web.servlet.view.JstlView - View name 'index', model {}
[2023-05-11 16:22:16:25036][http-nio-80-exec-1] DEBUG o.s.web.servlet.view.JstlView - Forwarding to [/views/index.jsp]
[2023-05-11 16:22:20:29486][http-nio-80-exec-1] DEBUG o.s.web.servlet.DispatcherServlet - Completed 200 OK
[2023-05-11 16:22:20:29722][http-nio-80-exec-2] DEBUG o.s.web.servlet.DispatcherServlet - GET "/plugins/themefisher-font/style.css", parameters={}
[2023-05-11 16:22:20:29723][http-nio-80-exec-4] DEBUG o.s.web.servlet.DispatcherServlet - GET "/plugins/animate/animate.css", parameters={}
[2023-05-11 16:22:20:29738][http-nio-80-exec-4] DEBUG o.s.w.s.h.SimpleUrlHandlerMapping - Mapped to ResourceHttpRequestHandler [classpath [META-INF/resources/], classpath [resources/], classpath [static/], classpath [public/], ServletContext [/]]
[2023-05-11 16:22:20:29738][http-nio-80-exec-2] DEBUG o.s.w.s.h.SimpleUrlHandlerMapping - Mapped to ResourceHttpRequestHandler [classpath [META-INF/resources/], classpath [resources/], classpath [static/], classpath [public/], ServletContext [/]]
[2023-05-11 16:22:20:29740][http-nio-80-exec-3] DEBUG o.s.web.servlet.DispatcherServlet - GET "/plugins/bootstrap/css/bootstrap.min.css", parameters={}
[2023-05-11 16:22:20:29741][http-nio-80-exec-3] DEBUG o.s.w.s.h.SimpleUrlHandlerMapping - Mapped to ResourceHttpRequestHandler [classpath [META-INF/resources/], classpath [resources/], classpath [static/], classpath [public/], ServletContext [/]]
[2023-05-11 16:22:20:29791][http-nio-80-exec-5] DEBUG o.s.web.servlet.DispatcherServlet - GET "/plugins/slick/slick.css", parameters={}
[2023-05-11 16:22:20:29792][http-nio-80-exec-7] DEBUG o.s.web.servlet.DispatcherServlet - GET "/css/style.css", parameters={}
[2023-05-11 16:22:20:29792][http-nio-80-exec-5] DEBUG o.s.w.s.h.SimpleUrlHandlerMapping - Mapped to ResourceHttpRequestHandler [classpath [META-INF/resources/], classpath [resources/], classpath [static/], classpath [public/], ServletContext [/]]
[2023-05-11 16:22:20:29793][http-nio-80-exec-7] DEBUG o.s.w.s.h.SimpleUrlHandlerMapping - Mapped to ResourceHttpRequestHandler [classpath [META-INF/resources/], classpath [resources/], classpath [static/], classpath [public/], ServletContext [/]]
[2023-05-11 16:22:20:29795][http-nio-80-exec-6] DEBUG o.s.web.servlet.DispatcherServlet - GET "/plugins/slick/slick-theme.css", parameters={}
[2023-05-11 16:22:20:29802][http-nio-80-exec-6] DEBUG o.s.w.s.h.SimpleUrlHandlerMapping - Mapped to ResourceHttpRequestHandler [classpath [META-INF/resources/], classpath [resources/], classpath [static/], classpath [public/], ServletContext [/]]
[2023-05-11 16:22:20:29810][http-nio-80-exec-7] DEBUG o.s.w.s.r.ResourceHttpRequestHandler - Resource not found
[2023-05-11 16:22:20:29811][http-nio-80-exec-7] DEBUG o.s.web.servlet.DispatcherServlet - Completed 404 NOT_FOUND
[2023-05-11 16:22:20:29815][http-nio-80-exec-7] DEBUG o.s.web.servlet.DispatcherServlet - "ERROR" dispatch for GET "/error", parameters={}
[2023-05-11 16:22:21:29821][http-nio-80-exec-7] DEBUG o.s.w.s.m.m.a.RequestMappingHandlerMapping - Mapped to org.springframework.boot.autoconfigure.web.servlet.error.BasicErrorController#error(HttpServletRequest)
[2023-05-11 16:22:21:29863][http-nio-80-exec-5] DEBUG o.s.web.servlet.DispatcherServlet - Completed 200 OK
[2023-05-11 16:22:21:29867][http-nio-80-exec-2] DEBUG o.s.web.servlet.DispatcherServlet - Completed 200 OK
[2023-05-11 16:22:21:29872][http-nio-80-exec-6] DEBUG o.s.web.servlet.DispatcherServlet - Completed 200 OK
[2023-05-11 16:22:21:29872][http-nio-80-exec-4] DEBUG o.s.web.servlet.DispatcherServlet - Completed 200 OK
[2023-05-11 16:22:21:29873][http-nio-80-exec-3] DEBUG o.s.web.servlet.DispatcherServlet - Completed 200 OK
[2023-05-11 16:22:21:29893][http-nio-80-exec-7] DEBUG o.s.w.s.m.m.a.HttpEntityMethodProcessor - Using 'application/json;q=0.1', given [text/css, */*;q=0.1] and supported [application/json, application/*+json, application/json, application/*+json]
[2023-05-11 16:22:21:29894][http-nio-80-exec-7] DEBUG o.s.w.s.m.m.a.HttpEntityMethodProcessor - Writing [{timestamp=Thu May 11 16:22:21 KST 2023, status=404, error=Not Found, message=No message available,  (truncated)...]
[2023-05-11 16:22:21:30044][http-nio-80-exec-8] DEBUG o.s.web.servlet.DispatcherServlet - GET "/images/shop/cart/cart-1.jpg", parameters={}
[2023-05-11 16:22:21:30052][http-nio-80-exec-8] DEBUG o.s.w.s.h.SimpleUrlHandlerMapping - Mapped to ResourceHttpRequestHandler [classpath [META-INF/resources/], classpath [resources/], classpath [static/], classpath [public/], ServletContext [/]]
[2023-05-11 16:22:21:30069][http-nio-80-exec-8] DEBUG o.s.web.servlet.DispatcherServlet - Completed 200 OK
[2023-05-11 16:22:21:30117][http-nio-80-exec-5] DEBUG o.s.web.servlet.DispatcherServlet - GET "/images/shop/category/category-2.jpg", parameters={}
[2023-05-11 16:22:21:30118][http-nio-80-exec-5] DEBUG o.s.w.s.h.SimpleUrlHandlerMapping - Mapped to ResourceHttpRequestHandler [classpath [META-INF/resources/], classpath [resources/], classpath [static/], classpath [public/], ServletContext [/]]
[2023-05-11 16:22:21:30120][http-nio-80-exec-1] DEBUG o.s.web.servlet.DispatcherServlet - GET "/images/shop/category/category-1.jpg", parameters={}
[2023-05-11 16:22:21:30156][http-nio-80-exec-6] DEBUG o.s.web.servlet.DispatcherServlet - GET "/plugins/jquery/dist/jquery.min.js", parameters={}
[2023-05-11 16:22:21:30140][http-nio-80-exec-5] DEBUG o.s.web.servlet.DispatcherServlet - Completed 200 OK
[2023-05-11 16:22:21:30130][http-nio-80-exec-10] DEBUG o.s.web.servlet.DispatcherServlet - GET "/images/shop/header-img.jpg", parameters={}
[2023-05-11 16:22:21:30128][http-nio-80-exec-9] DEBUG o.s.web.servlet.DispatcherServlet - GET "/images/shop/cart/cart-2.jpg", parameters={}
[2023-05-11 16:22:21:30159][http-nio-80-exec-10] DEBUG o.s.w.s.h.SimpleUrlHandlerMapping - Mapped to ResourceHttpRequestHandler [classpath [META-INF/resources/], classpath [resources/], classpath [static/], classpath [public/], ServletContext [/]]
[2023-05-11 16:22:21:30159][http-nio-80-exec-9] DEBUG o.s.w.s.h.SimpleUrlHandlerMapping - Mapped to ResourceHttpRequestHandler [classpath [META-INF/resources/], classpath [resources/], classpath [static/], classpath [public/], ServletContext [/]]
[2023-05-11 16:22:21:30159][http-nio-80-exec-6] DEBUG o.s.w.s.h.SimpleUrlHandlerMapping - Mapped to ResourceHttpRequestHandler [classpath [META-INF/resources/], classpath [resources/], classpath [static/], classpath [public/], ServletContext [/]]
[2023-05-11 16:22:21:30122][http-nio-80-exec-1] DEBUG o.s.w.s.h.SimpleUrlHandlerMapping - Mapped to ResourceHttpRequestHandler [classpath [META-INF/resources/], classpath [resources/], classpath [static/], classpath [public/], ServletContext [/]]
[2023-05-11 16:22:21:30202][http-nio-80-exec-2] DEBUG o.s.web.servlet.DispatcherServlet - GET "/plugins/bootstrap/js/bootstrap.min.js", parameters={}
[2023-05-11 16:22:21:30203][http-nio-80-exec-2] DEBUG o.s.w.s.h.SimpleUrlHandlerMapping - Mapped to ResourceHttpRequestHandler [classpath [META-INF/resources/], classpath [resources/], classpath [static/], classpath [public/], ServletContext [/]]
[2023-05-11 16:22:21:30220][http-nio-80-exec-9] DEBUG o.s.web.servlet.DispatcherServlet - Completed 200 OK
[2023-05-11 16:22:21:30222][http-nio-80-exec-6] DEBUG o.s.web.servlet.DispatcherServlet - Completed 200 OK
[2023-05-11 16:22:21:30227][http-nio-80-exec-1] DEBUG o.s.web.servlet.DispatcherServlet - Completed 200 OK
[2023-05-11 16:22:21:30238][http-nio-80-exec-2] DEBUG o.s.web.servlet.DispatcherServlet - Completed 200 OK
[2023-05-11 16:22:21:30240][http-nio-80-exec-7] DEBUG o.s.web.servlet.DispatcherServlet - Exiting from "ERROR" dispatch, status 404
[2023-05-11 16:22:21:30261][http-nio-80-exec-10] DEBUG o.s.web.servlet.DispatcherServlet - Completed 200 OK
[2023-05-11 16:22:21:30271][http-nio-80-exec-4] DEBUG o.s.web.servlet.DispatcherServlet - GET "/plugins/bootstrap-touchspin/dist/jquery.bootstrap-touchspin.min.js", parameters={}
[2023-05-11 16:22:21:30272][http-nio-80-exec-4] DEBUG o.s.w.s.h.SimpleUrlHandlerMapping - Mapped to ResourceHttpRequestHandler [classpath [META-INF/resources/], classpath [resources/], classpath [static/], classpath [public/], ServletContext [/]]
[2023-05-11 16:22:21:30273][http-nio-80-exec-3] DEBUG o.s.web.servlet.DispatcherServlet - GET "/plugins/instafeed/instafeed.min.js", parameters={}
[2023-05-11 16:22:21:30273][http-nio-80-exec-3] DEBUG o.s.w.s.h.SimpleUrlHandlerMapping - Mapped to ResourceHttpRequestHandler [classpath [META-INF/resources/], classpath [resources/], classpath [static/], classpath [public/], ServletContext [/]]
[2023-05-11 16:22:21:30279][http-nio-80-exec-8] DEBUG o.s.web.servlet.DispatcherServlet - GET "/plugins/ekko-lightbox/dist/ekko-lightbox.min.js", parameters={}
[2023-05-11 16:22:21:30282][http-nio-80-exec-5] DEBUG o.s.web.servlet.DispatcherServlet - GET "/plugins/syo-timer/build/jquery.syotimer.min.js", parameters={}
[2023-05-11 16:22:21:30283][http-nio-80-exec-8] DEBUG o.s.w.s.h.SimpleUrlHandlerMapping - Mapped to ResourceHttpRequestHandler [classpath [META-INF/resources/], classpath [resources/], classpath [static/], classpath [public/], ServletContext [/]]
[2023-05-11 16:22:21:30283][http-nio-80-exec-5] DEBUG o.s.w.s.h.SimpleUrlHandlerMapping - Mapped to ResourceHttpRequestHandler [classpath [META-INF/resources/], classpath [resources/], classpath [static/], classpath [public/], ServletContext [/]]
[2023-05-11 16:22:21:30287][http-nio-80-exec-9] DEBUG o.s.web.servlet.DispatcherServlet - GET "/plugins/slick/slick.min.js", parameters={}
[2023-05-11 16:22:21:30288][http-nio-80-exec-9] DEBUG o.s.w.s.h.SimpleUrlHandlerMapping - Mapped to ResourceHttpRequestHandler [classpath [META-INF/resources/], classpath [resources/], classpath [static/], classpath [public/], ServletContext [/]]
[2023-05-11 16:22:21:30292][http-nio-80-exec-6] DEBUG o.s.web.servlet.DispatcherServlet - GET "/plugins/slick/slick-animation.min.js", parameters={}
[2023-05-11 16:22:21:30293][http-nio-80-exec-6] DEBUG o.s.w.s.h.SimpleUrlHandlerMapping - Mapped to ResourceHttpRequestHandler [classpath [META-INF/resources/], classpath [resources/], classpath [static/], classpath [public/], ServletContext [/]]
[2023-05-11 16:22:21:30303][http-nio-80-exec-4] DEBUG o.s.web.servlet.DispatcherServlet - Completed 200 OK
[2023-05-11 16:22:21:30307][http-nio-80-exec-5] DEBUG o.s.web.servlet.DispatcherServlet - Completed 200 OK
[2023-05-11 16:22:21:30309][http-nio-80-exec-6] DEBUG o.s.web.servlet.DispatcherServlet - Completed 200 OK
[2023-05-11 16:22:21:30355][http-nio-80-exec-8] DEBUG o.s.web.servlet.DispatcherServlet - Completed 200 OK
[2023-05-11 16:22:21:30358][http-nio-80-exec-1] DEBUG o.s.web.servlet.DispatcherServlet - GET "/plugins/google-map/gmap.js", parameters={}
[2023-05-11 16:22:21:30360][http-nio-80-exec-1] DEBUG o.s.w.s.h.SimpleUrlHandlerMapping - Mapped to ResourceHttpRequestHandler [classpath [META-INF/resources/], classpath [resources/], classpath [static/], classpath [public/], ServletContext [/]]
[2023-05-11 16:22:21:30364][http-nio-80-exec-2] DEBUG o.s.web.servlet.DispatcherServlet - GET "/js/script.js", parameters={}
[2023-05-11 16:22:21:30366][http-nio-80-exec-2] DEBUG o.s.w.s.h.SimpleUrlHandlerMapping - Mapped to ResourceHttpRequestHandler [classpath [META-INF/resources/], classpath [resources/], classpath [static/], classpath [public/], ServletContext [/]]
[2023-05-11 16:22:21:30371][http-nio-80-exec-10] DEBUG o.s.web.servlet.DispatcherServlet - GET "/images/shop/products/product-1.jpg", parameters={}
[2023-05-11 16:22:21:30372][http-nio-80-exec-10] DEBUG o.s.w.s.h.SimpleUrlHandlerMapping - Mapped to ResourceHttpRequestHandler [classpath [META-INF/resources/], classpath [resources/], classpath [static/], classpath [public/], ServletContext [/]]
[2023-05-11 16:22:21:30374][http-nio-80-exec-7] DEBUG o.s.web.servlet.DispatcherServlet - GET "/images/shop/category/category-3.jpg", parameters={}
[2023-05-11 16:22:21:30374][http-nio-80-exec-7] DEBUG o.s.w.s.h.SimpleUrlHandlerMapping - Mapped to ResourceHttpRequestHandler [classpath [META-INF/resources/], classpath [resources/], classpath [static/], classpath [public/], ServletContext [/]]
[2023-05-11 16:22:21:30387][http-nio-80-exec-10] DEBUG o.s.web.servlet.DispatcherServlet - Completed 200 OK
[2023-05-11 16:22:21:30388][http-nio-80-exec-7] DEBUG o.s.web.servlet.DispatcherServlet - Completed 200 OK
[2023-05-11 16:22:21:30418][http-nio-80-exec-9] DEBUG o.s.web.servlet.DispatcherServlet - Completed 200 OK
[2023-05-11 16:22:21:30425][http-nio-80-exec-3] DEBUG o.s.web.servlet.DispatcherServlet - Completed 200 OK
[2023-05-11 16:22:21:30446][http-nio-80-exec-2] DEBUG o.s.web.servlet.DispatcherServlet - Completed 200 OK
[2023-05-11 16:22:21:30450][http-nio-80-exec-1] DEBUG o.s.web.servlet.DispatcherServlet - Completed 200 OK
[2023-05-11 16:22:21:30490][http-nio-80-exec-4] DEBUG o.s.web.servlet.DispatcherServlet - GET "/images/shop/products/product-2.jpg", parameters={}
[2023-05-11 16:22:21:30491][http-nio-80-exec-4] DEBUG o.s.w.s.h.SimpleUrlHandlerMapping - Mapped to ResourceHttpRequestHandler [classpath [META-INF/resources/], classpath [resources/], classpath [static/], classpath [public/], ServletContext [/]]
[2023-05-11 16:22:21:30501][http-nio-80-exec-5] DEBUG o.s.web.servlet.DispatcherServlet - GET "/images/shop/products/product-3.jpg", parameters={}
[2023-05-11 16:22:21:30503][http-nio-80-exec-5] DEBUG o.s.w.s.h.SimpleUrlHandlerMapping - Mapped to ResourceHttpRequestHandler [classpath [META-INF/resources/], classpath [resources/], classpath [static/], classpath [public/], ServletContext [/]]
[2023-05-11 16:22:21:30581][http-nio-80-exec-6] DEBUG o.s.web.servlet.DispatcherServlet - GET "/images/shop/products/product-4.jpg", parameters={}
[2023-05-11 16:22:21:30586][http-nio-80-exec-6] DEBUG o.s.w.s.h.SimpleUrlHandlerMapping - Mapped to ResourceHttpRequestHandler [classpath [META-INF/resources/], classpath [resources/], classpath [static/], classpath [public/], ServletContext [/]]
[2023-05-11 16:22:21:30610][http-nio-80-exec-6] DEBUG o.s.web.servlet.DispatcherServlet - Completed 200 OK
[2023-05-11 16:22:21:30635][http-nio-80-exec-6] DEBUG o.s.web.servlet.DispatcherServlet - GET "/images/shop/products/product-6.jpg", parameters={}
[2023-05-11 16:22:21:30657][http-nio-80-exec-8] DEBUG o.s.web.servlet.DispatcherServlet - GET "/images/shop/products/product-5.jpg", parameters={}
[2023-05-11 16:22:21:30658][http-nio-80-exec-8] DEBUG o.s.w.s.h.SimpleUrlHandlerMapping - Mapped to ResourceHttpRequestHandler [classpath [META-INF/resources/], classpath [resources/], classpath [static/], classpath [public/], ServletContext [/]]
[2023-05-11 16:22:21:30666][http-nio-80-exec-10] DEBUG o.s.web.servlet.DispatcherServlet - GET "/images/shop/products/product-7.jpg", parameters={}
[2023-05-11 16:22:21:30667][http-nio-80-exec-10] DEBUG o.s.w.s.h.SimpleUrlHandlerMapping - Mapped to ResourceHttpRequestHandler [classpath [META-INF/resources/], classpath [resources/], classpath [static/], classpath [public/], ServletContext [/]]
[2023-05-11 16:22:21:30657][http-nio-80-exec-6] DEBUG o.s.w.s.h.SimpleUrlHandlerMapping - Mapped to ResourceHttpRequestHandler [classpath [META-INF/resources/], classpath [resources/], classpath [static/], classpath [public/], ServletContext [/]]
[2023-05-11 16:22:21:30678][http-nio-80-exec-10] DEBUG o.s.web.servlet.DispatcherServlet - Completed 200 OK
[2023-05-11 16:22:21:30685][http-nio-80-exec-5] DEBUG o.s.web.servlet.DispatcherServlet - Completed 200 OK
[2023-05-11 16:22:21:30690][http-nio-80-exec-4] DEBUG o.s.web.servlet.DispatcherServlet - Completed 200 OK
[2023-05-11 16:22:21:30693][http-nio-80-exec-6] DEBUG o.s.web.servlet.DispatcherServlet - Completed 200 OK
[2023-05-11 16:22:21:30733][http-nio-80-exec-9] DEBUG o.s.web.servlet.DispatcherServlet - GET "/images/shop/products/product-8.jpg", parameters={}
[2023-05-11 16:22:21:30734][http-nio-80-exec-9] DEBUG o.s.w.s.h.SimpleUrlHandlerMapping - Mapped to ResourceHttpRequestHandler [classpath [META-INF/resources/], classpath [resources/], classpath [static/], classpath [public/], ServletContext [/]]
[2023-05-11 16:22:21:30741][http-nio-80-exec-8] DEBUG o.s.web.servlet.DispatcherServlet - Completed 200 OK
[2023-05-11 16:22:21:30743][http-nio-80-exec-9] DEBUG o.s.web.servlet.DispatcherServlet - Completed 200 OK
[2023-05-11 16:22:21:30767][http-nio-80-exec-1] DEBUG o.s.web.servlet.DispatcherServlet - GET "/images/slider/slider-2.jpg", parameters={}
[2023-05-11 16:22:21:30768][http-nio-80-exec-3] DEBUG o.s.web.servlet.DispatcherServlet - GET "/images/slider/slider-1.jpg", parameters={}
[2023-05-11 16:22:21:30768][http-nio-80-exec-3] DEBUG o.s.w.s.h.SimpleUrlHandlerMapping - Mapped to ResourceHttpRequestHandler [classpath [META-INF/resources/], classpath [resources/], classpath [static/], classpath [public/], ServletContext [/]]
[2023-05-11 16:22:21:30768][http-nio-80-exec-1] DEBUG o.s.w.s.h.SimpleUrlHandlerMapping - Mapped to ResourceHttpRequestHandler [classpath [META-INF/resources/], classpath [resources/], classpath [static/], classpath [public/], ServletContext [/]]
[2023-05-11 16:22:21:30771][http-nio-80-exec-2] DEBUG o.s.web.servlet.DispatcherServlet - GET "/images/slider/slider-3.jpg", parameters={}
[2023-05-11 16:22:21:30772][http-nio-80-exec-2] DEBUG o.s.w.s.h.SimpleUrlHandlerMapping - Mapped to ResourceHttpRequestHandler [classpath [META-INF/resources/], classpath [resources/], classpath [static/], classpath [public/], ServletContext [/]]
[2023-05-11 16:22:21:30772][http-nio-80-exec-7] DEBUG o.s.web.servlet.DispatcherServlet - GET "/images/shop/products/product-9.jpg", parameters={}
[2023-05-11 16:22:21:30773][http-nio-80-exec-7] DEBUG o.s.w.s.h.SimpleUrlHandlerMapping - Mapped to ResourceHttpRequestHandler [classpath [META-INF/resources/], classpath [resources/], classpath [static/], classpath [public/], ServletContext [/]]
[2023-05-11 16:22:21:30785][http-nio-80-exec-10] DEBUG o.s.web.servlet.DispatcherServlet - GET "/images/shop/products/modal-product.jpg", parameters={}
[2023-05-11 16:22:21:30788][http-nio-80-exec-1] DEBUG o.s.web.servlet.DispatcherServlet - Completed 200 OK
[2023-05-11 16:22:21:30788][http-nio-80-exec-10] DEBUG o.s.w.s.h.SimpleUrlHandlerMapping - Mapped to ResourceHttpRequestHandler [classpath [META-INF/resources/], classpath [resources/], classpath [static/], classpath [public/], ServletContext [/]]
[2023-05-11 16:22:21:30788][http-nio-80-exec-3] DEBUG o.s.web.servlet.DispatcherServlet - Completed 200 OK
[2023-05-11 16:22:21:30791][http-nio-80-exec-2] DEBUG o.s.web.servlet.DispatcherServlet - Completed 200 OK
[2023-05-11 16:22:21:30799][http-nio-80-exec-10] DEBUG o.s.web.servlet.DispatcherServlet - Completed 200 OK
[2023-05-11 16:22:22:30824][http-nio-80-exec-7] DEBUG o.s.web.servlet.DispatcherServlet - Completed 200 OK
[2023-05-11 16:22:22:30875][http-nio-80-exec-5] DEBUG o.s.web.servlet.DispatcherServlet - GET "/plugins/themefisher-font/fonts/themefisher-font.ttf?ug5hnh", parameters={masked}
[2023-05-11 16:22:22:30876][http-nio-80-exec-5] DEBUG o.s.w.s.h.SimpleUrlHandlerMapping - Mapped to ResourceHttpRequestHandler [classpath [META-INF/resources/], classpath [resources/], classpath [static/], classpath [public/], ServletContext [/]]
[2023-05-11 16:22:22:30890][http-nio-80-exec-5] DEBUG o.s.web.servlet.DispatcherServlet - Completed 200 OK
[2023-05-11 16:22:22:31170][http-nio-80-exec-4] DEBUG o.s.web.servlet.DispatcherServlet - GET "/plugins/slick/ajax-loader.gif", parameters={}
[2023-05-11 16:22:22:31170][http-nio-80-exec-4] DEBUG o.s.w.s.h.SimpleUrlHandlerMapping - Mapped to ResourceHttpRequestHandler [classpath [META-INF/resources/], classpath [resources/], classpath [static/], classpath [public/], ServletContext [/]]
[2023-05-11 16:22:22:31180][http-nio-80-exec-4] DEBUG o.s.web.servlet.DispatcherServlet - Completed 200 OK
[2023-05-11 16:22:22:31231][http-nio-80-exec-6] DEBUG o.s.web.servlet.DispatcherServlet - GET "/plugins/slick/fonts/slick.woff", parameters={}
[2023-05-11 16:22:22:31232][http-nio-80-exec-6] DEBUG o.s.w.s.h.SimpleUrlHandlerMapping - Mapped to ResourceHttpRequestHandler [classpath [META-INF/resources/], classpath [resources/], classpath [static/], classpath [public/], ServletContext [/]]
[2023-05-11 16:22:22:31247][http-nio-80-exec-6] DEBUG o.s.web.servlet.DispatcherServlet - Completed 200 OK
[2023-05-11 16:22:22:31306][http-nio-80-exec-8] DEBUG o.s.web.servlet.DispatcherServlet - GET "/images/favicon.png", parameters={}
[2023-05-11 16:22:22:31307][http-nio-80-exec-8] DEBUG o.s.w.s.h.SimpleUrlHandlerMapping - Mapped to ResourceHttpRequestHandler [classpath [META-INF/resources/], classpath [resources/], classpath [static/], classpath [public/], ServletContext [/]]
[2023-05-11 16:22:22:31323][http-nio-80-exec-8] DEBUG o.s.web.servlet.DispatcherServlet - Completed 200 OK
